467
/mnt/data/TCGA_MAF/TCGA.THYM.mutect.c46a17b9-0d59-4874-b22b-f604d8875b48.DR-10.0.protected.maf.gz
/mnt/data/TCGA_MAF/TCGA.OV.mutect.e6ea3b5e-48fc-4155-81f6-4ffe59871d5a.DR-10.0.protected.maf.gz
/mnt/data/TCGA_MAF/TCGA.KICH.mutect.8daac73d-9b05-4a51-802c-d1e33472534e.DR-10.0.protected.maf.gz
/mnt/data/TCGA_MAF/TCGA.BLCA.mutect.23a485fc-4f7e-4fe9-b187-1897223b8eb2.DR-10.0.protected.maf.gz
/mnt/data/TCGA_MAF/TCGA.STAD.mutect.5ce985a4-ae0c-4d53-ae85-29e66716cb51.DR-10.0.protected.maf.gz
/mnt/data/TCGA_MAF/TCGA.READ.mutect.c5ed2903-cbaf-446f-870d-167eed6e0bba.DR-10.0.protected.maf.gz
/mnt/data/TCGA_MAF/TCGA.ESCA.mutect.18b9cd70-f666-4fbe-b1a6-27117fb0885a.DR-10.0.protected.maf.gz
/mnt/data/TCGA_MAF/TCGA.LGG.mutect.75251702-e8e4-4207-a0ef-02d0998de965.DR-10.0.protected.maf.gz
/mnt/data/TCGA_MAF/TCGA.UCS.mutect.548852d7-e8bf-47be-9156-dd81f95c6b27.DR-10.0.protected.maf.gz
/mnt/data/TCGA_MAF/TCGA.MESO.mutect.42f7405e-82b7-4b2c-b818-371da2b0de71.DR-10.0.protected.maf.gz
/mnt/data/TCGA_MAF/TCGA.BRCA.mutect.053f01ed-3154-4aea-9e7f-932c435034b3.DR-10.0.protected.maf.gz
/mnt/data/TCGA_MAF/TCGA.KIRP.mutect.0358861a-1d10-46aa-8e10-62b9949e1489.DR-10.0.protected.maf.gz
/mnt/data/TCGA_MAF/TCGA.LUAD.mutect.38ab3eb0-14ad-49c0-8818-d398fe91f82c.DR-10.0.protected.maf.gz
/mnt/data/TCGA_MAF/TCGA.PRAD.mutect.fea1a43c-5188-4008-a178-f3bd329e2ee9.DR-10.0.protected.maf.gz
/mnt/data/TCGA_MAF/TCGA.LAML.mutect.66124158-7feb-4b8e-8fc4-393a5e641fea.DR-10.0.protected.maf.gz
/mnt/data/TCGA_MAF/TCGA.CHOL.mutect.4be66659-aed5-4bd9-b8bd-5c32b5af5622.DR-10.0.protected.maf.gz
/mnt/data/TCGA_MAF/TCGA.CESC.mutect.4b3eda57-edca-4343-878f-f4dc452410c8.DR-10.0.protected.maf.gz
/mnt/data/TCGA_MAF/TCGA.UCEC.mutect.bfcc1a00-e79f-4675-81bd-da5a8118a6cf.DR-10.0.protected.maf.gz
/mnt/data/TCGA_MAF/TCGA.PCPG.mutect.45568ab0-1622-4871-89bc-ca16038d33ef.DR-10.0.protected.maf.gz
/mnt/data/TCGA_MAF/TCGA.GBM.mutect.1d22891a-9e55-41b4-80b0-b1f1757779e9.DR-10.0.protected.maf.gz
/mnt/data/TCGA_MAF/TCGA.PAAD.mutect.bf0760ee-9920-45e1-a4ac-f3b970790602.DR-10.0.protected.maf.gz
/mnt/data/TCGA_MAF/TCGA.COAD.mutect.1e560f0b-cbc5-4e50-96b0-c096394acb2b.DR-10.0.protected.maf.gz
/mnt/data/TCGA_MAF/TCGA.TGCT.mutect.5f15fbd2-c534-4f24-805c-8934e7d2031e.DR-10.0.protected.maf.gz
/mnt/data/TCGA_MAF/TCGA.LUSC.mutect.9506c663-08d6-4d64-8518-b8b2481d95ad.DR-10.0.protected.maf.gz
/mnt/data/TCGA_MAF/TCGA.LIHC.mutect.5c4408f2-6ab7-4f1a-835c-68ea8d1d4ac3.DR-10.0.protected.maf.gz
/mnt/data/TCGA_MAF/TCGA.KIRC.mutect.fad3f577-6e5e-4039-b35b-69269f42d488.DR-10.0.protected.maf.gz
/mnt/data/TCGA_MAF/TCGA.SKCM.mutect.713288d3-66d0-4f28-8855-a6c60b0e1fad.DR-10.0.protected.maf.gz
/mnt/data/TCGA_MAF/TCGA.SARC.mutect.5328eb36-1d04-4119-8d09-db9ae408da05.DR-10.0.protected.maf.gz
/mnt/data/TCGA_MAF/TCGA.ACC.mutect.28164436-36d5-4a5e-8ae5-a55abc216348.DR-10.0.protected.maf.gz
/mnt/data/TCGA_MAF/TCGA.THCA.mutect.621350ed-076f-4483-8769-ac4beb71f4fc.DR-10.0.protected.maf.gz
/mnt/data/TCGA_MAF/TCGA.UVM.mutect.574da178-0e52-44ff-8d7d-c983dd6ec261.DR-10.0.protected.maf.gz
/mnt/data/TCGA_MAF/TCGA.HNSC.mutect.092c4be2-dd2d-43e3-b362-4d40cfa08b65.DR-10.0.protected.maf.gz
/mnt/data/TCGA_MAF/TCGA.DLBC.mutect.6d89ccad-b41d-4a3e-a4be-c84059403353.DR-10.0.protected.maf.gz
